c:\users\amd\desktop\programación trabajo final\trabajofinal - intentar salto\jungleking\jungleking\debug\vc140.pdb
c:\users\amd\desktop\programación trabajo final\trabajofinal - intentar salto\jungleking\jungleking\debug\.netframework,version=v4.5.2.assemblyattributes.obj
c:\users\amd\desktop\programación trabajo final\trabajofinal - intentar salto\jungleking\jungleking\debug\.netframework,version=v4.5.2.assemblyattributes.asm
c:\users\amd\desktop\programación trabajo final\trabajofinal - intentar salto\jungleking\jungleking\debug\main.obj
c:\users\amd\desktop\programación trabajo final\trabajofinal - intentar salto\jungleking\jungleking\debug\junglekingformulario.obj
c:\users\amd\desktop\programación trabajo final\z trabajofinal - 01 - 07 - 2017 integrar salto lianas\jungleking\jungleking\debug\vc140.pdb
c:\users\amd\desktop\programación trabajo final\z trabajofinal - 01 - 07 - 2017 integrar salto lianas\jungleking\jungleking\debug\main.obj
c:\users\amd\desktop\programación trabajo final\z trabajofinal - 01 - 07 - 2017 integrar salto lianas\jungleking\jungleking\debug\junglekingformulario.obj
c:\users\amd\desktop\programación trabajo final\trabajofinal - intentar salto\jungleking\jungleking\debug\jungleking.junglekingformulario.resources
c:\users\amd\desktop\programación trabajo final\z trabajofinal - 01 - 07 - 2017 integrar salto lianas\jungleking\jungleking\debug\jungleking.junglekingformulario.resources
c:\users\amd\desktop\programación trabajo final\trabajofinal - intentar salto\jungleking\debug\jungleking.exe
c:\users\amd\desktop\programación trabajo final\trabajofinal - intentar salto\jungleking\debug\jungleking.pdb
c:\users\amd\desktop\programación trabajo final\z trabajofinal - 01 - 07 - 2017 integrar salto lianas\jungleking\debug\jungleking.exe
c:\users\amd\desktop\programación trabajo final\z trabajofinal - 01 - 07 - 2017 integrar salto lianas\jungleking\debug\jungleking.pdb
c:\users\amd\desktop\programación trabajo final\z trabajofinal - 01 - 07 - 2017 integrar salto lianas\jungleking\jungleking\debug\jungleking.vcxproj.generateresource.cache
c:\users\amd\desktop\programación trabajo final\z trabajofinal - 01 - 07 - 2017 integrar salto lianas\jungleking\jungleking\debug\jungleking.vcxprojresolveassemblyreference.cache
c:\users\amd\desktop\programación trabajo final\z trabajofinal - 01 - 07 - 2017 integrar salto lianas\jungleking\jungleking\debug\.netframework,version=v4.5.2.assemblyattributes.obj
c:\users\amd\desktop\programación trabajo final\z trabajofinal - 01 - 07 - 2017 integrar salto lianas\jungleking\jungleking\debug\jungleking.tlog\cl.command.1.tlog
c:\users\amd\desktop\programación trabajo final\z trabajofinal - 01 - 07 - 2017 integrar salto lianas\jungleking\jungleking\debug\jungleking.tlog\cl.read.1.tlog
c:\users\amd\desktop\programación trabajo final\z trabajofinal - 01 - 07 - 2017 integrar salto lianas\jungleking\jungleking\debug\jungleking.tlog\cl.write.1.tlog
c:\users\amd\desktop\programación trabajo final\z trabajofinal - 01 - 07 - 2017 integrar salto lianas\jungleking\jungleking\debug\jungleking.tlog\jungleking.write.1u.tlog
c:\users\amd\desktop\programación trabajo final\z trabajofinal - 01 - 07 - 2017 integrar salto lianas\jungleking\jungleking\debug\jungleking.tlog\link.command.1.tlog
c:\users\amd\desktop\programación trabajo final\z trabajofinal - 01 - 07 - 2017 integrar salto lianas\jungleking\jungleking\debug\jungleking.tlog\link.read.1.tlog
c:\users\amd\desktop\programación trabajo final\z trabajofinal - 01 - 07 - 2017 integrar salto lianas\jungleking\jungleking\debug\jungleking.tlog\link.write.1.tlog
c:\users\amd\desktop\programación trabajo final\z trabajofinal - 01 - 07 - 2017 integrar salto lianas\jungleking\jungleking\debug\jungleking.tlog\metagen.read.1.tlog
c:\users\amd\desktop\programación trabajo final\z trabajofinal - 01 - 07 - 2017 integrar salto lianas\jungleking\jungleking\debug\jungleking.tlog\metagen.write.1.tlog
c:\users\amd\desktop\programación trabajo final\z trabajofinal - 01 - 07 - 2017 integrar salto lianas\jungleking\jungleking\debug\jungleking.tlog\rsaenh.dll.bi
c:\users\amd\desktop\programación trabajo final\z trabajofinal - 01 - 07 - 2017 integrar salto lianas\jungleking\jungleking\debug\jungleking.tlog\tzres.dll.bi
